for (let m=1; m<3; m++) {
    for(let n=1; n<5; n++) {
        console.log(`${m} , ${n}`)
    // '${ }' หมายถึงรันตัวแปรใน {} โดยไม่ต้องใช้เครื่องหมายเชื่อม string
    } // for n
} // for m
VM1636:3 1 , 1
VM1636:3 1 , 2
VM1636:3 1 , 3
VM1636:3 1 , 4
VM1636:3 2 , 1
VM1636:3 2 , 2
VM1636:3 2 , 3
VM1636:3 2 , 4
undefined
for (let m=1; m<3; m++) {
    for(let n=1; n<5; n++) {
        console.log(`${m} , ${n}`)
    // '${ }' หมายถึงรันตัวแปรใน {} โดยไม่ต้องใช้เครื่องหมายเชื่อม string
    } // for n
    console.log('----')
} // for m
VM1683:3 1 , 1
VM1683:3 1 , 2
VM1683:3 1 , 3
VM1683:3 1 , 4
VM1683:6 ----
VM1683:3 2 , 1
VM1683:3 2 , 2
VM1683:3 2 , 3
VM1683:3 2 , 4
VM1683:6 ----
undefined
for (let m=1; m<3; m++) {
    for(let n=1; n<7; n++) {
        console.log(`${m} , ${n}`)
    // '${ }' หมายถึงรันตัวแปรใน {} โดยไม่ต้องใช้เครื่องหมายเชื่อม string
    } // for n
    console.log('----')
} // for m
VM1689:3 1 , 1
VM1689:3 1 , 2
VM1689:3 1 , 3
VM1689:3 1 , 4
VM1689:3 1 , 5
VM1689:3 1 , 6
VM1689:6 ----
VM1689:3 2 , 1
VM1689:3 2 , 2
VM1689:3 2 , 3
VM1689:3 2 , 4
VM1689:3 2 , 5
VM1689:3 2 , 6
VM1689:6 ----
undefined
for (let m=1; m<3; m++) {
    for(let n=1; n<13; n++) {
        console.log(`${m} x ${n} = ${m*n}`)
    // '${ }' หมายถึงรันตัวแปรใน {} โดยไม่ต้องใช้เครื่องหมายเชื่อม string
    } // for n
    console.log('----')
} // for m
VM1721:3 1 x 1 = 1
VM1721:3 1 x 2 = 2
VM1721:3 1 x 3 = 3
VM1721:3 1 x 4 = 4
VM1721:3 1 x 5 = 5
VM1721:3 1 x 6 = 6
VM1721:3 1 x 7 = 7
VM1721:3 1 x 8 = 8
VM1721:3 1 x 9 = 9
VM1721:3 1 x 10 = 10
VM1721:3 1 x 11 = 11
VM1721:3 1 x 12 = 12
VM1721:6 ----
VM1721:3 2 x 1 = 2
VM1721:3 2 x 2 = 4
VM1721:3 2 x 3 = 6
VM1721:3 2 x 4 = 8
VM1721:3 2 x 5 = 10
VM1721:3 2 x 6 = 12
VM1721:3 2 x 7 = 14
VM1721:3 2 x 8 = 16
VM1721:3 2 x 9 = 18
VM1721:3 2 x 10 = 20
VM1721:3 2 x 11 = 22
VM1721:3 2 x 12 = 24
VM1721:6 ----
undefined
for (let m=2; m<4; m++) {
    for(let n=1; n<13; n++) {
        console.log(`${m} x ${n} = ${m*n}`)
    // '${ }' หมายถึงรันตัวแปรใน {} โดยไม่ต้องใช้เครื่องหมายเชื่อม string
    } // for n
    console.log('----')
} // for m
VM1732:3 2 x 1 = 2
VM1732:3 2 x 2 = 4
VM1732:3 2 x 3 = 6
VM1732:3 2 x 4 = 8
VM1732:3 2 x 5 = 10
VM1732:3 2 x 6 = 12
VM1732:3 2 x 7 = 14
VM1732:3 2 x 8 = 16
VM1732:3 2 x 9 = 18
VM1732:3 2 x 10 = 20
VM1732:3 2 x 11 = 22
VM1732:3 2 x 12 = 24
VM1732:6 ----
VM1732:3 3 x 1 = 3
VM1732:3 3 x 2 = 6
VM1732:3 3 x 3 = 9
VM1732:3 3 x 4 = 12
VM1732:3 3 x 5 = 15
VM1732:3 3 x 6 = 18
VM1732:3 3 x 7 = 21
VM1732:3 3 x 8 = 24
VM1732:3 3 x 9 = 27
VM1732:3 3 x 10 = 30
VM1732:3 3 x 11 = 33
VM1732:3 3 x 12 = 36
VM1732:6 ----
undefined
