"20" + 4
"204"
20 + 4
24
20 + 4 + "0"
"240"
2 * 3
6
"2" * "3"
6
typeof("2" * "3")
"number"
"2" * "3X"
NaN
14/3
4.666666666666667
14 % 3
2
15 % 3
0
27 % 5
2
10 ** 3
1000
10 ** 2
100
10 ** 4
10000
let a = 15
undefined
a = a+1
16
a++
16
a
17
a++
17
a
18
++a
19
let num = 2;
undefined
num = num + 1;
3
console.log(num)
VM556:1 3
undefined
a
19
a--
19
a
18
--a
17
let num = 20;
undefined
num = num + 5
25
num
25
let num = 20;
undefined
num +=5 //num = num + 5
25
num
25
num *= 2
50
num = num * 2
100
//homework
undefined
let a = 1;
undefined
let b = 1;
undefined
let c = ++a;
undefined
c
2
let d = b++;
undefined
d
1
